VPas Version 1.05 [30-Jan-89]


 0    1: {$X+}
 0    2: unit introunit;
 0    3: 
 0    4: (******************************************************************************
 0    5: 
 0    6:  unit: introunit
 0    7:  Contents: This unit contains modules that are responsible for the introduction
 0    8:            when the program is first executed and a getchar routine which
 0    9:            allows the program to get a character during execution in 
 0   10:            a rawio mode.
 0   11: 
 0   12:  ******************************************************************************) 
 0   13: 
 0   14: 
 0   15: INTERFACE
 0   16: 
 0   17: uses rawio;
 0   18: 
 0   19: const
 0   20:    escape=27;         (* escape constant *)
 0   21:    mincombar=3;       (* minimum command bar position- row *)
 0   22:    maxcombar=22;      (* maximum command bar position- row *)
 0   23:    filehead='file name       size   date   time  type';
 0   24:    menubar='1copy  2del  3view   4edit  5mkdir  6rmdir  7mv   8ren  9tag   (untagall   0exit';
 0   25: 
 0   26: 
 0   27: function getchar:char;
 0   28: procedure inverseoff;
 0   29: procedure inverseon;
 0   30: procedure startupscreen;
 0   31: procedure clearscreen;
 0   32: procedure helpscreen;
 0   33: procedure gotoxy(row,col:integer);
 0   34: procedure clearhalfscreen(k:integer);
 0   35: 
 0   36: 
 0   37: IMPLEMENTATION
 0   38: 
 0   39: function getchar;
 0   40: 
 0   41: (******************************************************************************
 0   42:  
 0   43:  Function getchar
 0   44:  Purpose: allows input from the user in rawio mode
 0   45:  
 0   46:  Parameters: none         
 0   47:  Called by: helpscreen, clearscreen, getname, getcom 
VPas Version 1.05 [30-Jan-89]


 0   48:  Calls: none 
 0   49: 
 0   50:  ******************************************************************************)
 0   51: 
 0   52: var getch:char;  (* assigned to the function name for the program to continue *)
 0   53: 
 0   54:    begin
 1   55:    read(getch);
 1   56:    getchar:=getch;
 1   57:    end;
 0   58: 
 0   59: procedure inverseoff;
 0   60: 
 0   61: (******************************************************************************
 0   62: 
 0   63:  Procedure inverseoff
 0   64:  Purpose: returns test to normal video
 0   65:  
 0   66:  Parameters: none
 0   67:  Called by: printpath, showbar, reprint, & main- mos
 0   68:  Calls: none
 0   69: 
 0   70:  ******************************************************************************)
 0   71:  
 0   72:    begin
 1   73:    write(chr(escape),'[0m');
 1   74:    end;
 0   75: 
 0   76: procedure inverseon;
 0   77: 
 0   78: (******************************************************************************
 0   79: 
 0   80:  Procedure inverseon
 0   81:  Purpose: displays test in inverse video
 0   82: 
 0   83:  Parameters: none
 0   84:  Called by: printpath, showbar, reprint, &
 0   85:  Calls: none
 0   86: 
 0   87:  ******************************************************************************)
 0   88: 
 0   89:    begin
 1   90:    write(chr(escape),'[7m');
 1   91:    end;
 0   92: 
 0   93: 
 0   94: procedure clearscreen;
VPas Version 1.05 [30-Jan-89]


 0   95: 
 0   96: (******************************************************************************
 0   97: 
 0   98:  Procedure clearscreen
 0   99:  Purpose: This procedure clears the screen
 0  100: 
 0  101:  Parameters: none
 0  102:  Called by: the main program, mos, reprint 
 0  103:  Calls: none
 0  104: 
 0  105:  ******************************************************************************)
 0  106:  
 0  107:    begin
 1  108:    write(chr(escape),'[1;1H');
 1  109:    write(chr(escape),'[J');
 1  110:    end;
 0  111: 
 0  112: procedure startupscreen;
 0  113: 
 0  114: (******************************************************************************
 0  115: 
 0  116:  Procedure startupscreen
 0  117:  Purpose: this procedure is the startup or title screen for the program.
 0  118:           It contains information on the program and programmer.
 0  119: 
 0  120:  Parameters: none
 0  121:  Called by: the main program, mos 
 0  122:  Calls: none
 0  123:  
 0  124:  ******************************************************************************)
 0  125:  
 0  126: var dummygetchar:char;
 0  127: 
 0  128:    begin
 1  129:    write(chr(escape),'[1;1H');
 1  130:    writeln;
 1  131:    writeln('              ** **                 ***                *****');
 1  132:    writeln('             *  *  *               *   *              *     ');
 1  133:    writeln('             *  *  *               *   *               **** ');
 1  134:    writeln('             *     *               *   *                   *'); 
 1  135:    writeln('             *     *                ***               ***** ');
 1  136:    writeln;
 1  137:    writeln;
 1  138:    writeln('Program: mos ');
 1  139:    writeln('Purpose: The menu operating system is a program designed to allow');
 1  140:    writeln('         the user to traverse and manipulate and two combination');
 1  141:    writeln('         of directories in the directory hierarchy.');
VPas Version 1.05 [30-Jan-89]


 1  142:    writeln;
 1  143:    writeln('         The essential UNIX operating system commands can be');
 1  144:    writeln('         carried out by the use of a simple menu bar command line.');
 1  145:    writeln('         Such operations as copy, move, remove, & make a directory');
 1  146:    writeln('         are several operations. ');
 1  147:    writeln;
 1  148:    writeln('         With the feature of two directories displayed on the screen');
 1  149:    writeln('         at once, the user can perform manipulations on and between');
 1  150:    writeln('         the directories easily, unlike the un-user-friendly ');
 1  151:    writeln('         environment of the UNIX operating system.');
 1  152:    writeln;
 1  153:    writeln;
 1  154:    writeln('HIT A KEY TO CONTINUE');
 1  155:    dummygetchar:=getchar;
 1  156:    end;
 0  157: 
 0  158: procedure helpscreen;
 0  159: 
 0  160: (******************************************************************************
 0  161:  
 0  162:  Procedure helpscreen
 0  163:  Purpose: writes a help screen to the user on how to operate the program.
 0  164: 
 0  165:  Parameters: none
 0  166:  Called by: the main program, mos 
 0  167:  Calls: none
 0  168: 
 0  169:  ******************************************************************************)
 0  170: 
 0  171: var dummygetchar:char;
 0  172: 
 0  173:    begin
 1  174:    write(chr(escape),'[1;1H');
 1  175:    writeln;
 1  176:    writeln('To traverse file by file, use the up-arrow, down-arrow keys');
 1  177:    writeln('To traverse twenty files at a time up or down, press U or u');
 1  178:    writeln('    or D or d respectively');
 1  179:    writeln;
 1  180:    writeln('To toggle between directories, press <TAB>');
 1  181:    writeln('To enter another directory, move to the desired directory and ');
 1  182:    writeln('    press <RETURN> or <SPACE>');
 1  183:    writeln;
 1  184:    writeln('To tag a file for multiple menu bar command operations, press 9- tag');
 1  185:    writeln('To untag ann entries in a directory, press shift 9 - untag');
 1  186:    writeln;
 1  187:    writeln('The highlighted menu bar command line contains information on how');
 1  188:    writeln('    to perform system commands :');
VPas Version 1.05 [30-Jan-89]


 1  189:    writeln;
 1  190:    writeln;
 1  191:    writeln('HIT A KEY TO CONTINUE');
 1  192:    
 1  193:    dummygetchar:=getchar;
 1  194:    end;
 0  195: 
 0  196: 
 0  197: procedure gotoxy;
 0  198: 
 0  199: (********************************************************************************
 0  200: 
 0  201:  Procedure gotoxy
 0  202:  Purpose: This procedure, given a row and column, goes to that spot on the screen.
 0  203: 
 0  204:  Parameters: row, col
 0  205:  Called by: printline, printpath, getcom, showbar, showline, notifyendlist, 
 0  206:             getnewpath, tagfile, copy, move, deletefile, rename, edit, view, remdir
 0  207:             makedir
 0  208:  Calls: none
 0  209: 
 0  210:  ********************************************************************************)
 0  211: 
 0  212:    begin
 1  213:    write(chr(escape),'[');
 1  214:    write(row div 10:1,row mod 10:1,';');
 1  215:    write(col div 10:1,col mod 10:1,'H');
 1  216:    end;
 0  217: 
 0  218: procedure clearhalfscreen;
 0  219: 
 0  220: (********************************************************************************
 0  221: 
 0  222:  Procedure clearhalfscreen
 0  223:  Propose: this procedure clears the half of the screen determines by the index
 0  224:           sent in.
 0  225: 
 0  226:  Parameters: the index, k
 0  227:  Called by: setup, pagedown, pageup, getcom
 0  228:  Calls: gotoxy
 0  229: 
 0  230:  ********************************************************************************)
 0  231:  
 0  232: const blankout='                                        ';
 0  233: var i:integer;
 0  234:    begin
 1  235:    for i:=mincombar to maxcombar do
VPas Version 1.05 [30-Jan-89]


 1  236:       begin
 2  237:       gotoxy(i,((k*40)-40+1));
 2  238:       write(blankout);
 2  239:       end;
 1  240:    end;
 0  241: 
 0  242: 
 0  243: begin
 1  244: end.  (* unit introunit *)
 0  245: 
 0  246: 
VPas Version 1.05 [30-Jan-89]


Procedures and functions

     CLEARHALFSCREEN (procedure) 34, 234
     CLEARSCREEN (procedure) 31, 107
     GETCHAR (function) 27, 54
     GOTOXY (procedure) 33, 212
     HELPSCREEN (procedure) 32, 173
     INVERSEOFF (procedure) 28, 72
     INVERSEON (procedure) 29, 89
     STARTUPSCREEN (procedure) 30, 128
